0 info it worked if it ends with ok
1 verbose cli [ 'node',
1 verbose cli   '/usr/local/bin/npm',
1 verbose cli   'install',
1 verbose cli   '--global',
1 verbose cli   'node-sass' ]
2 info using npm@2.11.3
3 info using node@v0.12.7
4 verbose install initial load of /usr/local/lib/package.json
5 verbose readDependencies loading dependencies from /usr/local/lib/package.json
6 silly cache add args [ 'node-sass', null ]
7 verbose cache add spec node-sass
8 silly cache add parsed spec { raw: 'node-sass',
8 silly cache add   scope: null,
8 silly cache add   name: 'node-sass',
8 silly cache add   rawSpec: '',
8 silly cache add   spec: '*',
8 silly cache add   type: 'range' }
9 silly addNamed node-sass@*
10 verbose addNamed "*" is a valid semver range for node-sass
11 silly addNameRange { name: 'node-sass', range: '*', hasData: false }
12 silly mapToRegistry name node-sass
13 silly mapToRegistry using default registry
14 silly mapToRegistry registry https://registry.npmjs.org/
15 silly mapToRegistry uri https://registry.npmjs.org/node-sass
16 verbose addNameRange registry:https://registry.npmjs.org/node-sass not in flight; fetching
17 verbose request uri https://registry.npmjs.org/node-sass
18 verbose request no auth needed
19 info attempt registry request try #1 at 4:37:10 PM
20 verbose request id b55a0dc3eb9e0285
21 verbose etag "4F8Q27O13KIZ0LDX6KV3JYXU1"
22 http request GET https://registry.npmjs.org/node-sass
23 http 304 https://registry.npmjs.org/node-sass
24 silly get cb [ 304,
24 silly get   { date: 'Mon, 21 Sep 2015 20:37:10 GMT',
24 silly get     via: '1.1 varnish',
24 silly get     'cache-control': 'max-age=60',
24 silly get     etag: '"4F8Q27O13KIZ0LDX6KV3JYXU1"',
24 silly get     age: '46',
24 silly get     connection: 'keep-alive',
24 silly get     'x-served-by': 'cache-ord1730-ORD',
24 silly get     'x-cache': 'HIT',
24 silly get     'x-cache-hits': '1',
24 silly get     'x-timer': 'S1442867830.794502,VS0,VE1',
24 silly get     vary: 'Accept' } ]
25 verbose etag https://registry.npmjs.org/node-sass from cache
26 verbose get saving node-sass to /Users/Jasmine/.npm/registry.npmjs.org/node-sass/.cache.json
27 silly addNameRange number 2 { name: 'node-sass', range: '*', hasData: true }
28 silly addNameRange versions [ 'node-sass',
28 silly addNameRange   [ '0.2.0',
28 silly addNameRange     '0.2.1',
28 silly addNameRange     '0.2.2',
28 silly addNameRange     '0.2.3',
28 silly addNameRange     '0.2.4',
28 silly addNameRange     '0.2.5',
28 silly addNameRange     '0.2.6',
28 silly addNameRange     '0.3.0',
28 silly addNameRange     '0.4.0',
28 silly addNameRange     '0.4.1',
28 silly addNameRange     '0.4.2',
28 silly addNameRange     '0.4.3',
28 silly addNameRange     '0.4.4',
28 silly addNameRange     '0.5.0',
28 silly addNameRange     '0.5.1',
28 silly addNameRange     '0.5.2',
28 silly addNameRange     '0.5.3',
28 silly addNameRange     '0.5.4',
28 silly addNameRange     '0.6.0',
28 silly addNameRange     '0.6.1',
28 silly addNameRange     '0.6.2',
28 silly addNameRange     '0.6.3',
28 silly addNameRange     '0.6.4',
28 silly addNameRange     '0.6.5',
28 silly addNameRange     '0.6.6',
28 silly addNameRange     '0.6.7',
28 silly addNameRange     '0.7.0-alpha',
28 silly addNameRange     '0.7.0',
28 silly addNameRange     '0.8.0',
28 silly addNameRange     '0.8.1',
28 silly addNameRange     '0.8.2',
28 silly addNameRange     '0.8.3',
28 silly addNameRange     '0.8.4',
28 silly addNameRange     '0.8.5',
28 silly addNameRange     '0.8.6',
28 silly addNameRange     '0.9.0',
28 silly addNameRange     '0.9.1',
28 silly addNameRange     '0.9.2',
28 silly addNameRange     '0.9.3',
28 silly addNameRange     '0.9.4-rc1',
28 silly addNameRange     '0.9.4',
28 silly addNameRange     '0.9.5-rc1',
28 silly addNameRange     '0.9.5',
28 silly addNameRange     '0.9.6',
28 silly addNameRange     '1.0.0',
28 silly addNameRange     '1.0.1',
28 silly addNameRange     '1.0.2-alpha',
28 silly addNameRange     '1.0.2',
28 silly addNameRange     '1.0.3',
28 silly addNameRange     '1.1.0',
28 silly addNameRange     '1.1.1',
28 silly addNameRange     '1.1.2',
28 silly addNameRange     '1.1.3',
28 silly addNameRange     '1.1.4',
28 silly addNameRange     '1.2.0',
28 silly addNameRange     '1.2.1',
28 silly addNameRange     '1.2.2',
28 silly addNameRange     '1.2.3',
28 silly addNameRange     '2.0.0-beta',
28 silly addNameRange     '2.0.0',
28 silly addNameRange     '2.0.1',
28 silly addNameRange     '3.0.0-alpha.0',
28 silly addNameRange     '3.0.0-beta.2',
28 silly addNameRange     '3.0.0-beta.3',
28 silly addNameRange     '3.0.0-beta.4',
28 silly addNameRange     '2.1.0',
28 silly addNameRange     '2.1.1',
28 silly addNameRange     '3.0.0-beta.5',
28 silly addNameRange     '3.0.0-beta.7',
28 silly addNameRange     '3.0.0',
28 silly addNameRange     '3.1.0',
28 silly addNameRange     '3.1.1',
28 silly addNameRange     '3.1.2',
28 silly addNameRange     '3.2.0',
28 silly addNameRange     '3.3.0',
28 silly addNameRange     '3.3.1',
28 silly addNameRange     '3.3.2',
28 silly addNameRange     '3.3.3',
28 silly addNameRange     '3.4.0-beta1' ] ]
29 silly addNamed node-sass@3.3.3
30 verbose addNamed "3.3.3" is a plain semver version for node-sass
31 silly cache afterAdd node-sass@3.3.3
32 verbose afterAdd /Users/Jasmine/.npm/node-sass/3.3.3/package/package.json not in flight; writing
33 verbose afterAdd /Users/Jasmine/.npm/node-sass/3.3.3/package/package.json written
34 silly install resolved [ { name: 'node-sass',
34 silly install resolved     version: '3.3.3',
34 silly install resolved     libsass: '3.2.5',
34 silly install resolved     description: 'Wrapper around libsass',
34 silly install resolved     license: 'MIT',
34 silly install resolved     homepage: 'https://github.com/sass/node-sass',
34 silly install resolved     repository:
34 silly install resolved      { type: 'git',
34 silly install resolved        url: 'git+https://github.com/sass/node-sass.git' },
34 silly install resolved     author:
34 silly install resolved      { name: 'Andrew Nesbitt',
34 silly install resolved        email: 'andrewnez@gmail.com',
34 silly install resolved        url: 'http://andrew.github.com' },
34 silly install resolved     engines: { node: '>=0.10.0' },
34 silly install resolved     main: 'lib/index.js',
34 silly install resolved     nodeSassConfig: { binarySite: 'https://github.com/sass/node-sass/releases/download' },
34 silly install resolved     bin: { 'node-sass': 'bin/node-sass' },
34 silly install resolved     gypfile: true,
34 silly install resolved     scripts:
34 silly install resolved      { coverage: 'node scripts/coverage.js',
34 silly install resolved        install: 'node scripts/install.js',
34 silly install resolved        postinstall: 'node scripts/build.js',
34 silly install resolved        pretest: 'jshint bin lib scripts test',
34 silly install resolved        test: 'mocha test' },
34 silly install resolved     files: [ 'bin', 'binding.gyp', 'lib', 'scripts', 'src' ],
34 silly install resolved     keywords: [ 'css', 'libsass', 'preprocessor', 'sass', 'scss', 'style' ],
34 silly install resolved     dependencies:
34 silly install resolved      { 'async-foreach': '^0.1.3',
34 silly install resolved        chalk: '^1.1.1',
34 silly install resolved        'cross-spawn': '^2.0.0',
34 silly install resolved        gaze: '^0.5.1',
34 silly install resolved        'get-stdin': '^4.0.1',
34 silly install resolved        glob: '^5.0.14',
34 silly install resolved        meow: '^3.3.0',
34 silly install resolved        mkdirp: '^0.5.1',
34 silly install resolved        nan: '^2.0.8',
34 silly install resolved        npmconf: '^2.1.2',
34 silly install resolved        'node-gyp': '^3.0.1',
34 silly install resolved        request: '^2.61.0',
34 silly install resolved        'sass-graph': '^2.0.1' },
34 silly install resolved     devDependencies:
34 silly install resolved      { coveralls: '^2.11.4',
34 silly install resolved        istanbul: '^0.3.18',
34 silly install resolved        jshint: '^2.8.0',
34 silly install resolved        mocha: '^2.2.5',
34 silly install resolved        'mocha-lcov-reporter': '^0.0.2',
34 silly install resolved        rimraf: '^2.4.2' },
34 silly install resolved     gitHead: 'd62f59f4a051b6d538e20f66a5d1ebcf21538ded',
34 silly install resolved     bugs: { url: 'https://github.com/sass/node-sass/issues' },
34 silly install resolved     _id: 'node-sass@3.3.3',
34 silly install resolved     _shasum: '620fe2e3149993405ec1b517f8487b6e643b228a',
34 silly install resolved     _from: 'node-sass@*',
34 silly install resolved     _npmVersion: '2.13.5',
34 silly install resolved     _nodeVersion: '4.0.0-pre',
34 silly install resolved     _npmUser: { name: 'saperski', email: 'npm@saper.info' },
34 silly install resolved     dist:
34 silly install resolved      { shasum: '620fe2e3149993405ec1b517f8487b6e643b228a',
34 silly install resolved        tarball: 'http://registry.npmjs.org/node-sass/-/node-sass-3.3.3.tgz' },
34 silly install resolved     maintainers:
34 silly install resolved      [ [Object],
34 silly install resolved        [Object],
34 silly install resolved        [Object],
34 silly install resolved        [Object],
34 silly install resolved        [Object],
34 silly install resolved        [Object],
34 silly install resolved        [Object] ],
34 silly install resolved     directories: {},
34 silly install resolved     _resolved: 'https://registry.npmjs.org/node-sass/-/node-sass-3.3.3.tgz',
34 silly install resolved     readme: 'ERROR: No README data found!' } ]
35 info install node-sass@3.3.3 into /usr/local/lib
36 info installOne node-sass@3.3.3
37 verbose installOne of node-sass to /usr/local/lib not in flight; installing
38 verbose lock using /Users/Jasmine/.npm/_locks/node-sass-42055b1ce46574a3.lock for /usr/local/lib/node_modules/node-sass
39 silly install write writing node-sass 3.3.3 to /usr/local/lib/node_modules/node-sass
40 verbose unbuild lib/node_modules/node-sass
41 silly gentlyRm /usr/local/lib/node_modules/node-sass is being purged from base /usr/local
42 verbose gentlyRm don't care about contents; nuking /usr/local/lib/node_modules/node-sass
43 verbose tar unpack /Users/Jasmine/.npm/node-sass/3.3.3/package.tgz
44 verbose tar unpacking to /usr/local/lib/node_modules/node-sass
45 silly gentlyRm /usr/local/lib/node_modules/node-sass is being purged
46 verbose gentlyRm don't care about contents; nuking /usr/local/lib/node_modules/node-sass
47 silly gunzTarPerm modes [ '755', '644' ]
48 error tar.unpack untar error /Users/Jasmine/.npm/node-sass/3.3.3/package.tgz
49 verbose unlock done using /Users/Jasmine/.npm/_locks/node-sass-42055b1ce46574a3.lock for /usr/local/lib/node_modules/node-sass
50 verbose fstream_path /usr/local/lib/node_modules/node-sass
51 verbose fstream_type Directory
52 verbose fstream_class DirWriter
53 verbose stack Error: EACCES, mkdir '/usr/local/lib/node_modules/node-sass'
53 verbose stack     at Error (native)
54 verbose fstream_stack /usr/local/lib/node_modules/npm/node_modules/fstream/lib/dir-writer.js:35:25
54 verbose fstream_stack /usr/local/lib/node_modules/npm/node_modules/mkdirp/index.js:47:53
54 verbose fstream_stack FSReqWrap.oncomplete (fs.js:95:15)
55 verbose cwd /Users/Jasmine/Documents/TIY-Assignments/NestedAccordion
56 error Darwin 14.5.0
57 error argv "node" "/usr/local/bin/npm" "install" "--global" "node-sass"
58 error node v0.12.7
59 error npm  v2.11.3
60 error path /usr/local/lib/node_modules/node-sass
61 error code EACCES
62 error errno -13
63 error Error: EACCES, mkdir '/usr/local/lib/node_modules/node-sass'
63 error     at Error (native)
63 error  { [Error: EACCES, mkdir '/usr/local/lib/node_modules/node-sass']
63 error   errno: -13,
63 error   code: 'EACCES',
63 error   path: '/usr/local/lib/node_modules/node-sass',
63 error   fstream_type: 'Directory',
63 error   fstream_path: '/usr/local/lib/node_modules/node-sass',
63 error   fstream_class: 'DirWriter',
63 error   fstream_stack:
63 error    [ '/usr/local/lib/node_modules/npm/node_modules/fstream/lib/dir-writer.js:35:25',
63 error      '/usr/local/lib/node_modules/npm/node_modules/mkdirp/index.js:47:53',
63 error      'FSReqWrap.oncomplete (fs.js:95:15)' ] }
64 error Please try running this command again as root/Administrator.
65 verbose exit [ -13, true ]
66 verbose unbuild lib/node_modules/node-sass
67 silly gentlyRm /usr/local/lib/node_modules/node-sass is being purged from base /usr/local
68 verbose gentlyRm don't care about contents; nuking /usr/local/lib/node_modules/node-sass
